Added Component: Designator=U6(SO16W)
Add component (AddParameter): Name = "Check_prices"; Value = "https://www.snapeda.com/parts/PCF8574/Texas+Instruments/view-part/?ref=eda"; VariantName = "[No Variations]"
Add component (AddParameter): Name = "MF"; Value = "Texas Instruments"; VariantName = "[No Variations]"
Add component (AddParameter): Name = "MP"; Value = "PCF8574"; VariantName = "[No Variations]"
Add component (AddParameter): Name = "Package"; Value = "VFQFN-16 Texas Instruments"; VariantName = "[No Variations]"
Add component (AddParameter): Name = "SnapEDA_Link"; Value = "https://www.snapeda.com/parts/PCF8574/Texas+Instruments/view-part/?ref=snap"; VariantName = "[No Variations]"
Add component (AddParameter): Name = "Value"; Value = ""; VariantName = "[No Variations]"
Added Pin To Net: NetName=NetU5_4 Pin=U6-4
Added Pin To Net: NetName=NetU5_5 Pin=U6-5
Added Pin To Net: NetName=NetU5_6 Pin=U6-6
Added Pin To Net: NetName=NetQ3_2 Pin=U6-7
Added Pin To Net: NetName=GND Pin=U6-8
Added Pin To Net: NetName=NetU5_11 Pin=U6-9
Added Pin To Net: NetName=NetU5_12 Pin=U6-10
Added Pin To Net: NetName=NetU5_13 Pin=U6-11
Added Pin To Net: NetName=NetU5_14 Pin=U6-12
Added Pin To Net: NetName=NetQ2_3 Pin=U6-14
Added Pin To Net: NetName=NetQ1_3 Pin=U6-15
Added Pin To Net: NetName=+5V Pin=U6-16
Added Member To Class: ClassName=Sheet1 Member=Component C5 1uF
Added Member To Class: ClassName=Sheet1 Member=Component C9 1uF
Added Member To Class: ClassName=Sheet1 Member=Component J1 TYPE-C
Added Member To Class: ClassName=Sheet1 Member=Component R1 5.1k
Added Member To Class: ClassName=Sheet1 Member=Component R2 5.1k
Added Member To Class: ClassName=Sheet1 Member=Component R3 10k
Added Member To Class: ClassName=Sheet1 Member=Component R4 10k
Added Member To Class: ClassName=Sheet1 Member=Component R5 10k
Added Member To Class: ClassName=Sheet1 Member=Component R7 10k
Added Member To Class: ClassName=Sheet1 Member=Component R8 4.7k
Added Member To Class: ClassName=Sheet1 Member=Component R10 1k
Added Member To Class: ClassName=Sheet1 Member=Component R11 220
Added Member To Class: ClassName=Sheet1 Member=Component R13 1k
Added Member To Class: ClassName=Sheet1 Member=Component U6 PCF8574
