Removed Pin From Net: NetName=GND Pin=J1-A1/B12
Removed Pin From Net: NetName=+5V Pin=J1-A4/B9
Removed Pin From Net: NetName=GND Pin=J1-B1/A12
Removed Pin From Net: NetName=+5V Pin=J1-B4/A9
Change Component Footprint: Designator=J1 Old Footprint=216990-0002_MOL New Footprint=HRO_TYPE-C-31-M-12
Change Component Comment : Designator=J1 Old Comment=TYPE-C New Comment=TYPE-C-31-M-12
Change Component Designator: OldDesignator=C1 NewDesignator=C2
Change Component Designator: OldDesignator=C2 NewDesignator=C1
Change Component Designator: OldDesignator=U1 NewDesignator=U2
Change Component Designator: OldDesignator=U2 NewDesignator=U1
Change component parameters: Designator = "J1" ("J1"); Footprint = "216990-0002_MOL"; UniqueID = "\SFJPISRC" ("\SFJPISRC")
Change component parameters (AddParameter): Name = "Check_prices"; Value = "https://www.snapeda.com/parts/TYPE-C-31-M-12/HRO+Electronics+Co.%252C+Ltd./view-part/?ref=eda"; VariantName = "[No Variations]"
Change component parameters (AddParameter): Name = "MF"; Value = "HRO Electronics Co., Ltd."; VariantName = "[No Variations]"
Change component parameters (AddParameter): Name = "MP"; Value = "TYPE-C-31-M-12"; VariantName = "[No Variations]"
Change component parameters (AddParameter): Name = "Package"; Value = "Package"; VariantName = "[No Variations]"
Change component parameters (AddParameter): Name = "SnapEDA_Link"; Value = "https://www.snapeda.com/parts/TYPE-C-31-M-12/HRO+Electronics+Co.%252C+Ltd./view-part/?ref=snap"; VariantName = "[No Variations]"
Change component parameters (AddParameter): Name = "Value"; Value = ""; VariantName = "[No Variations]"
Added Pin To Net: NetName=GND Pin=J1-A1_B12
Added Pin To Net: NetName=+5V Pin=J1-A4_B9
Added Pin To Net: NetName=GND Pin=J1-B1_A12
Added Pin To Net: NetName=+5V Pin=J1-B4_A9
Added Pin To Net: NetName=GND Pin=J1-S1
Added Pin To Net: NetName=GND Pin=J1-S2
Added Pin To Net: NetName=GND Pin=J1-S3
Added Pin To Net: NetName=GND Pin=J1-S4
Change Net Name : Old Net Name=NetU1_6 New Net Name=NetU2_6
