Update Managed Component C1 From CMP-2006-00190-1[10uF] To CMP-2006-00190-1[TACL106M006RTA] in Sheet1.SchDoc
Update Managed Component C2 From CMP-13271-001877-1[22uF] To CMP-13271-001877-1[CL32B226MQJNNNE] in Sheet1.SchDoc
Update Managed Component C3 From CMP-2010-00307-2[10nF] To CMP-2010-00307-2[CL03B103KQ3NNNC] in Sheet1.SchDoc
Update Managed Component C4 From CMP-14477-003636-2[100nF] To CMP-14477-003636-2[JMK063BJ104KP-F] in Sheet1.SchDoc
Update Managed Component C5 From CMP-14477-003636-2[100nF] To CMP-14477-003636-2[JMK063BJ104KP-F] in Sheet1.SchDoc
Update Managed Component C6 From CMP-1037-04668-1[1uF] To CMP-1037-04668-1[CAP 1uF 6.3V 1206(3216)] in Sheet1.SchDoc
Update Managed Component C7 From CMP-2010-00307-2[10nF] To CMP-2010-00307-2[CL03B103KQ3NNNC] in Sheet1.SchDoc
Update Managed Component C8 From CMP-14477-003636-2[100nF] To CMP-14477-003636-2[JMK063BJ104KP-F] in Sheet1.SchDoc
Update Managed Component ENC1 From CMP-07421-000064-1[PEC11R-4115F-S0018] To CMP-07421-000064-1[PEC11R-4115F-S0018] in Sheet1.SchDoc
Replace Part IC1 PCF8574 in C:\Users\Public\Documents\Altium\air-quality-monitoring-system\Sheet1.SchDoc with PCF8574 from PCF8574.IntLib
Replace Part J1 UJC-HP-3-SMT-TR in C:\Users\Public\Documents\Altium\air-quality-monitoring-system\Sheet1.SchDoc with UJC-HP-3-SMT-TR from UJC-HP-3-SMT-TR.IntLib
Replace Part J2 MTSW-104-07-G-S-200 in C:\Users\Public\Documents\Altium\air-quality-monitoring-system\Sheet1.SchDoc with MTSW-104-07-G-S-200 from MTSW-104-07-G-S-200.IntLib
Replace Part LS1 CPI-148-24-90T-67 in C:\Users\Public\Documents\Altium\air-quality-monitoring-system\Sheet1.SchDoc with CPI-148-24-90T-67 from CPI-148-24-90T-67.IntLib
Update Managed Component Q1 From CMP-00278-84331634-1[8050] To CMP-00278-84331634-1[SS8050DBU] in Sheet1.SchDoc
Update Managed Component R1 From CMP-2004-03441-2[10k] To CMP-2004-03441-2[ERJ-1RHD1002C] in Sheet1.SchDoc
Update Managed Component R2 From CMP-2004-03441-2[10k] To CMP-2004-03441-2[ERJ-1RHD1002C] in Sheet1.SchDoc
Update Managed Component R3 From CMP-2004-03441-2[10k] To CMP-2004-03441-2[ERJ-1RHD1002C] in Sheet1.SchDoc
Update Managed Component R4 From CMP-2004-03441-2[10k] To CMP-2004-03441-2[ERJ-1RHD1002C] in Sheet1.SchDoc
Update Managed Component R5 From CMP-01479-28965025-1[220] To CMP-01479-28965025-1[RC0402J221CS] in Sheet1.SchDoc
Update Managed Component R6 From CMP-2100-03678-1[1k] To CMP-2100-03678-1[RC1206FR-071KL] in Sheet1.SchDoc
Update Managed Component R7 From CMP-2100-03678-1[1k] To CMP-2100-03678-1[RC1206FR-071KL] in Sheet1.SchDoc
Update Managed Component R8 From CMP-08839-023667-1[4.7k] To CMP-08839-023667-1[MCR004YZPF4701] in Sheet1.SchDoc
Update Managed Component R9 From CMP-08839-023667-1[4.7k] To CMP-08839-023667-1[MCR004YZPF4701] in Sheet1.SchDoc
Update Managed Component R10 From CMP-08839-023667-1[4.7k] To CMP-08839-023667-1[MCR004YZPF4701] in Sheet1.SchDoc
Replace Part U1 MH-Z14A in C:\Users\Public\Documents\Altium\air-quality-monitoring-system\Sheet1.SchDoc with MH-Z14A from Schlib1.SchLib
Update Managed Component U2 From CMP-209535-000001-1[AMS1117-3.3] To CMP-209535-000001-1[AMS1117-3.3] in Sheet1.SchDoc
Update Managed Component U3 From CMP-031-00006-2[STM8S103F3P6] To CMP-031-00006-2[STM8S103F3P6(1)] in Sheet1.SchDoc
Replace Part U4 HTU21D in C:\Users\Public\Documents\Altium\air-quality-monitoring-system\Sheet1.SchDoc with HTU21D from HTU21D.IntLib
Replace Part U5 LCD-16X2 in C:\Users\Public\Documents\Altium\air-quality-monitoring-system\Sheet1.SchDoc with LCD-16X2 from LCD-16X2.IntLib
Replace Part VR1 3362P-1-102 in C:\Users\Public\Documents\Altium\air-quality-monitoring-system\Sheet1.SchDoc with 3362P-1-102 from 3362P-1-102.IntLib
