Update Managed Component C1 From CMP-03422-001145-1[100nF] To CMP-03422-001145-1[AC1206KKX7R0BB104] in Sheet1.SchDoc
Update Managed Component C2 From CMP-08246-002069-1[22uF] To CMP-08246-002069-1[CGA5L1X7R0J226M160AC] in Sheet1.SchDoc
Update Managed Component C3 From CMP-08246-003840-1[10uF] To CMP-08246-003840-1[C3216X7R1E106M160AB] in Sheet1.SchDoc
Update Managed Component C4 From CMP-03422-001145-1[100nF] To CMP-03422-001145-1[AC1206KKX7R0BB104] in Sheet1.SchDoc
Update Managed Component C5 From CMP-1037-04691-1[1uF] To CMP-1037-04691-1[CAP 1uF 16V 1206(3216)] in Sheet1.SchDoc
Update Managed Component C6 From CMP-08246-003840-1[10uF] To CMP-08246-003840-1[C3216X7R1E106M160AB] in Sheet1.SchDoc
Update Managed Component C7 From CMP-03422-001145-1[100nF] To CMP-03422-001145-1[AC1206KKX7R0BB104] in Sheet1.SchDoc
Update Managed Component C8 From CMP-08246-003840-1[10uF] To CMP-08246-003840-1[C3216X7R1E106M160AB] in Sheet1.SchDoc
Update Managed Component C9 From CMP-03422-001145-1[100nF] To CMP-03422-001145-1[AC1206KKX7R0BB104] in Sheet1.SchDoc
Update Managed Component C10 From CMP-03422-001145-1[100nF] To CMP-03422-001145-1[AC1206KKX7R0BB104] in Sheet1.SchDoc
Update Managed Component C11 From CMP-03422-001145-1[100nF] To CMP-03422-001145-1[AC1206KKX7R0BB104] in Sheet1.SchDoc
Replace Part J1 USB4081-03-A_REV0.1 in C:\Users\Public\Documents\Altium\air-quality-monitoring-system\Sheet1.SchDoc with USB4081-03-A_REV0.1 from USB4081-03-A_REV0.1.SchLib
Replace Part J2 MTSW-104-07-G-S-200 in C:\Users\Public\Documents\Altium\air-quality-monitoring-system\Sheet1.SchDoc with MTSW-104-07-G-S-200 from MTSW-104-07-G-S-200.IntLib
Replace Part J3 MTSW-104-07-G-S-200 in C:\Users\Public\Documents\Altium\air-quality-monitoring-system\Sheet1.SchDoc with MTSW-104-07-G-S-200 from MTSW-104-07-G-S-200.IntLib
Update Managed Component Q1 From CMP-07173-000101-1[BSS138] To CMP-07173-000101-1[BSS138] in Sheet1.SchDoc
Update Managed Component Q2 From CMP-07173-000101-1[BSS138] To CMP-07173-000101-1[BSS138] in Sheet1.SchDoc
Update Managed Component Q3 From CMP-00278-84331634-1[SS8050DBU] To CMP-00278-84331634-1[SS8050DBU] in Sheet1.SchDoc
Update Managed Component R1 From CMP-08839-028234-1[5.1k] To CMP-08839-028234-1[ESR18EZPF5101] in Sheet1.SchDoc
Update Managed Component R2 From CMP-08839-028234-1[5.1k] To CMP-08839-028234-1[ESR18EZPF5101] in Sheet1.SchDoc
Update Managed Component R3 From CMP-03412-033202-1[10k] To CMP-03412-033202-1[SR1206FR-7W10KL] in Sheet1.SchDoc
Update Managed Component R4 From CMP-03412-033202-1[10k] To CMP-03412-033202-1[SR1206FR-7W10KL] in Sheet1.SchDoc
Update Managed Component R5 From CMP-03412-033202-1[10k] To CMP-03412-033202-1[SR1206FR-7W10KL] in Sheet1.SchDoc
Update Managed Component R6 From CMP-03412-033202-1[10k] To CMP-03412-033202-1[SR1206FR-7W10KL] in Sheet1.SchDoc
Update Managed Component R7 From CMP-03211-003095-1[8.6k] To CMP-03211-003095-1[RP73D2B8K66BTDF] in Sheet1.SchDoc
Update Managed Component R8 From CMP-03613-000093-1[4.7k] To CMP-03613-000093-1[CRCW12064K70FHEAP] in Sheet1.SchDoc
Update Managed Component R9 From CMP-03613-000093-1[4.7k] To CMP-03613-000093-1[CRCW12064K70FHEAP] in Sheet1.SchDoc
Update Managed Component R10 From CMP-26527-000167-1[1.5k] To CMP-26527-000167-1[RMCF1206FT1K50] in Sheet1.SchDoc
Update Managed Component R11 From CMP-26527-006126-1[1k] To CMP-26527-006126-1[RMCF1206JG1K00] in Sheet1.SchDoc
Update Managed Component R12 From CMP-03412-006046-1[220] To CMP-03412-006046-1[SR1206FR-7W220RL] in Sheet1.SchDoc
Update Managed Component R13 From CMP-26527-006126-1[1k] To CMP-26527-006126-1[RMCF1206JG1K00] in Sheet1.SchDoc
Update Managed Component R14 From CMP-03613-000093-1[4.7k] To CMP-03613-000093-1[CRCW12064K70FHEAP] in Sheet1.SchDoc
Update Managed Component R15 From CMP-03613-000093-1[4.7k] To CMP-03613-000093-1[CRCW12064K70FHEAP] in Sheet1.SchDoc
Update Managed Component R16 From CMP-03613-000093-1[4.7k] To CMP-03613-000093-1[CRCW12064K70FHEAP] in Sheet1.SchDoc
Replace Part U1 MH-Z14A in C:\Users\Public\Documents\Altium\air-quality-monitoring-system\Sheet1.SchDoc with MH-Z14A from Schlib1.SchLib
Update Managed Component U2 From CMP-209535-000001-1[AMS1117-3.3] To CMP-209535-000001-1[AMS1117-3.3] in Sheet1.SchDoc
Update Managed Component U4 From CMP-07421-000064-1[ENCODER] To CMP-07421-000064-1[PEC11R-4115F-S0018] in Sheet1.SchDoc
Replace Part U5 LCD-16X2 in C:\Users\Public\Documents\Altium\air-quality-monitoring-system\Sheet1.SchDoc with LCD-16X2 from LCD-16X2.IntLib
Replace Part U7 HTU21D in C:\Users\Public\Documents\Altium\air-quality-monitoring-system\Sheet1.SchDoc with HTU21D from SnapEDAsch.SchLib
